yarn add v1.22.19
[1/4] Resolving packages...
warning @storybook/react-webpack5 > @storybook/builder-webpack5 > fork-ts-checker-webpack-plugin > memfs@3.6.0: this will be v4
warning @storybook/react-webpack5 > @storybook/builder-webpack5 > webpack-dev-middleware > memfs@3.6.0: this will be v4
[2/4] Fetching packages...
[3/4] Linking dependencies...
warning " > @jabuti/core@0.0.0" has unmet peer dependency "react@^18.2.0".
warning " > @jabuti/core@0.0.0" has unmet peer dependency "react-dom@^18.2.0".
warning "workspace-aggregator-51e16fe6-4221-4f8f-a890-586fb3d0a80b > @jabuti/website > @mdx-js/react@3.0.0" has unmet peer dependency "@types/react@>=16".
warning "@storybook/react-webpack5 > @storybook/preset-react-webpack > @babel/preset-react@7.23.3" has unmet peer dependency "@babel/core@^7.0.0-0".
warning "workspace-aggregator-51e16fe6-4221-4f8f-a890-586fb3d0a80b > @jabuti/website > @docusaurus/core > react-loadable-ssr-addon-v5-slorber@1.0.1" has unmet peer dependency "react-loadable@*".
warning "workspace-aggregator-51e16fe6-4221-4f8f-a890-586fb3d0a80b > @jabuti/website > @docusaurus/preset-classic > @docusaurus/theme-search-algolia > @docsearch/react > @algolia/autocomplete-preset-algolia@1.9.3" has unmet peer dependency "@algolia/client-search@>= 4.9.1 < 6".
warning "workspace-aggregator-51e16fe6-4221-4f8f-a890-586fb3d0a80b > @jabuti/website > @docusaurus/preset-classic > @docusaurus/theme-search-algolia > @docsearch/react > @algolia/autocomplete-core > @algolia/autocomplete-plugin-algolia-insights@1.9.3" has unmet peer dependency "search-insights@>= 1 < 3".
warning "workspace-aggregator-51e16fe6-4221-4f8f-a890-586fb3d0a80b > @jabuti/website > @docusaurus/preset-classic > @docusaurus/theme-search-algolia > @docsearch/react > @algolia/autocomplete-core > @algolia/autocomplete-shared@1.9.3" has unmet peer dependency "@algolia/client-search@>= 4.9.1 < 6".
warning "@storybook/react-webpack5 > @storybook/preset-react-webpack > @babel/preset-flow@7.23.3" has unmet peer dependency "@babel/core@^7.0.0-0".
warning "@storybook/react > react-element-to-jsx-string@15.0.0" has unmet peer dependency "react@^0.14.8 || ^15.0.1 || ^16.0.0 || ^17.0.1 || ^18.0.0".
warning "@storybook/react > react-element-to-jsx-string@15.0.0" has unmet peer dependency "react-dom@^0.14.8 || ^15.0.1 || ^16.0.0 || ^17.0.1 || ^18.0.0".
warning "@storybook/react > @storybook/react-dom-shim@7.6.10" has unmet peer dependency "react@^16.8.0 || ^17.0.0 || ^18.0.0".
warning "@storybook/react > @storybook/react-dom-shim@7.6.10" has unmet peer dependency "react-dom@^16.8.0 || ^17.0.0 || ^18.0.0".
warning "@storybook/react-webpack5 > @storybook/preset-react-webpack@7.6.10" has unmet peer dependency "react@^16.8.0 || ^17.0.0 || ^18.0.0".
warning "@storybook/react-webpack5 > @storybook/preset-react-webpack@7.6.10" has unmet peer dependency "react-dom@^16.8.0 || ^17.0.0 || ^18.0.0".
warning "@storybook/react-webpack5 > @storybook/preset-react-webpack > @storybook/react-docgen-typescript-plugin@1.0.6--canary.9.0c3f3b7.0" has unmet peer dependency "typescript@>= 4.x".
warning "@storybook/react-webpack5 > @storybook/preset-react-webpack > @storybook/react-docgen-typescript-plugin > react-docgen-typescript@2.2.2" has unmet peer dependency "typescript@>= 4.3.x".
warning "@storybook/react-webpack5 > @storybook/builder-webpack5 > fork-ts-checker-webpack-plugin@8.0.0" has unmet peer dependency "typescript@>3.6.0".
warning "@storybook/addon-essentials > @storybook/addon-docs@7.6.10" has unmet peer dependency "react@^16.8.0 || ^17.0.0 || ^18.0.0".
warning "@storybook/addon-essentials > @storybook/addon-docs@7.6.10" has unmet peer dependency "react-dom@^16.8.0 || ^17.0.0 || ^18.0.0".
warning " > @storybook/blocks@7.6.10" has unmet peer dependency "react@^16.8.0 || ^17.0.0 || ^18.0.0".
warning " > @storybook/blocks@7.6.10" has unmet peer dependency "react-dom@^16.8.0 || ^17.0.0 || ^18.0.0".
warning "@storybook/addon-essentials > @storybook/addon-docs > @mdx-js/react@2.3.0" has unmet peer dependency "react@>=16".
warning "@storybook/blocks > markdown-to-jsx@7.4.0" has unmet peer dependency "react@>= 0.14.0".
warning "@storybook/blocks > react-colorful@5.6.1" has unmet peer dependency "react@>=16.8.0".
warning "@storybook/blocks > react-colorful@5.6.1" has unmet peer dependency "react-dom@>=16.8.0".
warning "@storybook/blocks > @storybook/components@7.6.10" has unmet peer dependency "react@^16.8.0 || ^17.0.0 || ^18.0.0".
warning "@storybook/blocks > @storybook/components@7.6.10" has unmet peer dependency "react-dom@^16.8.0 || ^17.0.0 || ^18.0.0".
warning "@storybook/blocks > @storybook/theming@7.6.10" has unmet peer dependency "react@^16.8.0 || ^17.0.0 || ^18.0.0".
warning "@storybook/blocks > @storybook/theming@7.6.10" has unmet peer dependency "react-dom@^16.8.0 || ^17.0.0 || ^18.0.0".
warning "@storybook/addon-essentials > @storybook/addon-docs > @storybook/components > use-resize-observer@9.1.0" has unmet peer dependency "react@16.8.0 - 18".
warning "@storybook/addon-essentials > @storybook/addon-docs > @storybook/components > use-resize-observer@9.1.0" has unmet peer dependency "react-dom@16.8.0 - 18".
warning "@storybook/addon-essentials > @storybook/addon-docs > @storybook/theming > @emotion/use-insertion-effect-with-fallbacks@1.0.1" has unmet peer dependency "react@>=16.8.0".
warning "@storybook/addon-essentials > @storybook/addon-docs > @storybook/components > @radix-ui/react-toolbar@1.0.4" has unmet peer dependency "react@^16.8 || ^17.0 || ^18.0".
warning "@storybook/addon-essentials > @storybook/addon-docs > @storybook/components > @radix-ui/react-toolbar@1.0.4" has unmet peer dependency "react-dom@^16.8 || ^17.0 || ^18.0".
warning "@storybook/addon-essentials > @storybook/addon-docs > @storybook/components > @radix-ui/react-select@1.2.2" has unmet peer dependency "react@^16.8 || ^17.0 || ^18.0".
warning "@storybook/addon-essentials > @storybook/addon-docs > @storybook/components > @radix-ui/react-select@1.2.2" has unmet peer dependency "react-dom@^16.8 || ^17.0 || ^18.0".
warning "@storybook/addon-essentials > @storybook/addon-docs > @storybook/components > @radix-ui/react-toolbar > @radix-ui/react-primitive@1.0.3" has unmet peer dependency "react@^16.8 || ^17.0 || ^18.0".
warning "@storybook/addon-essentials > @storybook/addon-docs > @storybook/components > @radix-ui/react-toolbar > @radix-ui/react-primitive@1.0.3" has unmet peer dependency "react-dom@^16.8 || ^17.0 || ^18.0".
warning "@storybook/addon-essentials > @storybook/addon-docs > @storybook/components > @radix-ui/react-toolbar > @radix-ui/react-toggle-group@1.0.4" has unmet peer dependency "react@^16.8 || ^17.0 || ^18.0".
warning "@storybook/addon-essentials > @storybook/addon-docs > @storybook/components > @radix-ui/react-toolbar > @radix-ui/react-toggle-group@1.0.4" has unmet peer dependency "react-dom@^16.8 || ^17.0 || ^18.0".
warning "@storybook/addon-essentials > @storybook/addon-docs > @storybook/components > @radix-ui/react-toolbar > @radix-ui/react-direction@1.0.1" has unmet peer dependency "react@^16.8 || ^17.0 || ^18.0".
warning "@storybook/addon-essentials > @storybook/addon-docs > @storybook/components > @radix-ui/react-toolbar > @radix-ui/react-separator@1.0.3" has unmet peer dependency "react@^16.8 || ^17.0 || ^18.0".
warning "@storybook/addon-essentials > @storybook/addon-docs > @storybook/components > @radix-ui/react-toolbar > @radix-ui/react-separator@1.0.3" has unmet peer dependency "react-dom@^16.8 || ^17.0 || ^18.0".
warning "@storybook/addon-essentials > @storybook/addon-docs > @storybook/components > @radix-ui/react-toolbar > @radix-ui/react-roving-focus@1.0.4" has unmet peer dependency "react@^16.8 || ^17.0 || ^18.0".
warning "@storybook/addon-essentials > @storybook/addon-docs > @storybook/components > @radix-ui/react-toolbar > @radix-ui/react-roving-focus@1.0.4" has unmet peer dependency "react-dom@^16.8 || ^17.0 || ^18.0".
warning "@storybook/addon-essentials > @storybook/addon-docs > @storybook/components > @radix-ui/react-toolbar > @radix-ui/react-context@1.0.1" has unmet peer dependency "react@^16.8 || ^17.0 || ^18.0".
warning "@storybook/addon-essentials > @storybook/addon-docs > @storybook/components > @radix-ui/react-select > @radix-ui/react-dismissable-layer@1.0.4" has unmet peer dependency "react@^16.8 || ^17.0 || ^18.0".
warning "@storybook/addon-essentials > @storybook/addon-docs > @storybook/components > @radix-ui/react-select > @radix-ui/react-dismissable-layer@1.0.4" has unmet peer dependency "react-dom@^16.8 || ^17.0 || ^18.0".
warning "@storybook/addon-essentials > @storybook/addon-docs > @storybook/components > @radix-ui/react-select > @radix-ui/react-focus-scope@1.0.3" has unmet peer dependency "react@^16.8 || ^17.0 || ^18.0".
warning "@storybook/addon-essentials > @storybook/addon-docs > @storybook/components > @radix-ui/react-select > @radix-ui/react-focus-scope@1.0.3" has unmet peer dependency "react-dom@^16.8 || ^17.0 || ^18.0".
warning "@storybook/addon-essentials > @storybook/addon-docs > @storybook/components > @radix-ui/react-select > @radix-ui/react-popper@1.1.2" has unmet peer dependency "react@^16.8 || ^17.0 || ^18.0".
warning "@storybook/addon-essentials > @storybook/addon-docs > @storybook/components > @radix-ui/react-select > @radix-ui/react-popper@1.1.2" has unmet peer dependency "react-dom@^16.8 || ^17.0 || ^18.0".
warning "@storybook/addon-essentials > @storybook/addon-docs > @storybook/components > @radix-ui/react-select > @radix-ui/react-portal@1.0.3" has unmet peer dependency "react@^16.8 || ^17.0 || ^18.0".
warning "@storybook/addon-essentials > @storybook/addon-docs > @storybook/components > @radix-ui/react-select > @radix-ui/react-portal@1.0.3" has unmet peer dependency "react-dom@^16.8 || ^17.0 || ^18.0".
warning "@storybook/addon-essentials > @storybook/addon-docs > @storybook/components > @radix-ui/react-select > @radix-ui/react-collection@1.0.3" has unmet peer dependency "react@^16.8 || ^17.0 || ^18.0".
warning "@storybook/addon-essentials > @storybook/addon-docs > @storybook/components > @radix-ui/react-select > @radix-ui/react-collection@1.0.3" has unmet peer dependency "react-dom@^16.8 || ^17.0 || ^18.0".
warning "@storybook/addon-essentials > @storybook/addon-docs > @storybook/components > @radix-ui/react-select > @radix-ui/react-compose-refs@1.0.1" has unmet peer dependency "react@^16.8 || ^17.0 || ^18.0".
warning "@storybook/addon-essentials > @storybook/addon-docs > @storybook/components > @radix-ui/react-select > @radix-ui/react-focus-guards@1.0.1" has unmet peer dependency "react@^16.8 || ^17.0 || ^18.0".
warning "@storybook/addon-essentials > @storybook/addon-docs > @storybook/components > @radix-ui/react-select > @radix-ui/react-id@1.0.1" has unmet peer dependency "react@^16.8 || ^17.0 || ^18.0".
warning "@storybook/addon-essentials > @storybook/addon-docs > @storybook/components > @radix-ui/react-select > react-remove-scroll@2.5.5" has unmet peer dependency "react@^16.8.0 || ^17.0.0 || ^18.0.0".
warning "@storybook/addon-essentials > @storybook/addon-docs > @storybook/components > @radix-ui/react-select > @radix-ui/react-slot@1.0.2" has unmet peer dependency "react@^16.8 || ^17.0 || ^18.0".
warning "@storybook/addon-essentials > @storybook/addon-docs > @storybook/components > @radix-ui/react-select > @radix-ui/react-use-controllable-state@1.0.1" has unmet peer dependency "react@^16.8 || ^17.0 || ^18.0".
warning "@storybook/addon-essentials > @storybook/addon-docs > @storybook/components > @radix-ui/react-select > @radix-ui/react-use-layout-effect@1.0.1" has unmet peer dependency "react@^16.8 || ^17.0 || ^18.0".
warning "@storybook/addon-essentials > @storybook/addon-docs > @storybook/components > @radix-ui/react-select > @radix-ui/react-use-previous@1.0.1" has unmet peer dependency "react@^16.8 || ^17.0 || ^18.0".
warning "@storybook/addon-essentials > @storybook/addon-docs > @storybook/components > @radix-ui/react-select > @radix-ui/react-use-callback-ref@1.0.1" has unmet peer dependency "react@^16.8 || ^17.0 || ^18.0".
warning "@storybook/addon-essentials > @storybook/addon-docs > @storybook/components > @radix-ui/react-select > @radix-ui/react-popper > @floating-ui/react-dom@2.0.6" has unmet peer dependency "react@>=16.8.0".
warning "@storybook/addon-essentials > @storybook/addon-docs > @storybook/components > @radix-ui/react-select > @radix-ui/react-popper > @floating-ui/react-dom@2.0.6" has unmet peer dependency "react-dom@>=16.8.0".
warning "@storybook/addon-essentials > @storybook/addon-docs > @storybook/components > @radix-ui/react-select > react-remove-scroll > react-remove-scroll-bar@2.3.4" has unmet peer dependency "react@^16.8.0 || ^17.0.0 || ^18.0.0".
warning "@storybook/addon-essentials > @storybook/addon-docs > @storybook/components > @radix-ui/react-select > react-remove-scroll > react-style-singleton@2.2.1" has unmet peer dependency "react@^16.8.0 || ^17.0.0 || ^18.0.0".
warning "@storybook/addon-essentials > @storybook/addon-docs > @storybook/components > @radix-ui/react-select > react-remove-scroll > use-callback-ref@1.3.1" has unmet peer dependency "react@^16.8.0 || ^17.0.0 || ^18.0.0".
warning "@storybook/addon-essentials > @storybook/addon-docs > @storybook/components > @radix-ui/react-select > @radix-ui/react-visually-hidden@1.0.3" has unmet peer dependency "react@^16.8 || ^17.0 || ^18.0".
warning "@storybook/addon-essentials > @storybook/addon-docs > @storybook/components > @radix-ui/react-select > @radix-ui/react-visually-hidden@1.0.3" has unmet peer dependency "react-dom@^16.8 || ^17.0 || ^18.0".
warning "@storybook/addon-essentials > @storybook/addon-docs > @storybook/components > @radix-ui/react-select > react-remove-scroll > use-sidecar@1.1.2" has unmet peer dependency "react@^16.8.0 || ^17.0.0 || ^18.0.0".
warning "@storybook/addon-essentials > @storybook/addon-docs > @storybook/components > @radix-ui/react-toolbar > @radix-ui/react-toggle-group > @radix-ui/react-toggle@1.0.3" has unmet peer dependency "react@^16.8 || ^17.0 || ^18.0".
warning "@storybook/addon-essentials > @storybook/addon-docs > @storybook/components > @radix-ui/react-toolbar > @radix-ui/react-toggle-group > @radix-ui/react-toggle@1.0.3" has unmet peer dependency "react-dom@^16.8 || ^17.0 || ^18.0".
warning "@storybook/addon-essentials > @storybook/addon-docs > @storybook/components > @radix-ui/react-select > @radix-ui/react-dismissable-layer > @radix-ui/react-use-escape-keydown@1.0.3" has unmet peer dependency "react@^16.8 || ^17.0 || ^18.0".
warning "@storybook/addon-essentials > @storybook/addon-docs > @storybook/components > @radix-ui/react-select > @radix-ui/react-popper > @radix-ui/react-arrow@1.0.3" has unmet peer dependency "react@^16.8 || ^17.0 || ^18.0".
warning "@storybook/addon-essentials > @storybook/addon-docs > @storybook/components > @radix-ui/react-select > @radix-ui/react-popper > @radix-ui/react-arrow@1.0.3" has unmet peer dependency "react-dom@^16.8 || ^17.0 || ^18.0".
warning "@storybook/addon-essentials > @storybook/addon-docs > @storybook/components > @radix-ui/react-select > @radix-ui/react-popper > @radix-ui/react-use-rect@1.0.1" has unmet peer dependency "react@^16.8 || ^17.0 || ^18.0".
warning "@storybook/addon-essentials > @storybook/addon-docs > @storybook/components > @radix-ui/react-select > @radix-ui/react-popper > @radix-ui/react-use-size@1.0.1" has unmet peer dependency "react@^16.8 || ^17.0 || ^18.0".
warning " > @storybook/addon-onboarding@1.0.10" has unmet peer dependency "react@^16.8.0 || ^17.0.0 || ^18.0.0".
warning " > @storybook/addon-onboarding@1.0.10" has unmet peer dependency "react-dom@^16.8.0 || ^17.0.0 || ^18.0.0".
warning "@storybook/addon-onboarding > react-confetti@6.1.0" has unmet peer dependency "react@^16.3.0 || ^17.0.1 || ^18.0.0".
warning " > @storybook/react@7.6.10" has unmet peer dependency "react@^16.8.0 || ^17.0.0 || ^18.0.0".
warning " > @storybook/react@7.6.10" has unmet peer dependency "react-dom@^16.8.0 || ^17.0.0 || ^18.0.0".
warning " > @storybook/react@7.6.10" has unmet peer dependency "react@^16.8.0 || ^17.0.0 || ^18.0.0".
warning " > @storybook/react@7.6.10" has unmet peer dependency "react-dom@^16.8.0 || ^17.0.0 || ^18.0.0".
warning " > @storybook/react-webpack5@7.6.10" has unmet peer dependency "react@^16.8.0 || ^17.0.0 || ^18.0.0".
warning " > @storybook/react-webpack5@7.6.10" has unmet peer dependency "react-dom@^16.8.0 || ^17.0.0 || ^18.0.0".
warning " > @storybook/addon-essentials@7.6.10" has unmet peer dependency "react@^16.8.0 || ^17.0.0 || ^18.0.0".
warning " > @storybook/addon-essentials@7.6.10" has unmet peer dependency "react-dom@^16.8.0 || ^17.0.0 || ^18.0.0".
warning " > @storybook/blocks@7.6.10" has unmet peer dependency "react@^16.8.0 || ^17.0.0 || ^18.0.0".
warning " > @storybook/blocks@7.6.10" has unmet peer dependency "react-dom@^16.8.0 || ^17.0.0 || ^18.0.0".
error An unexpected error occurred: "EPERM: operation not permitted, copyfile 'C:\\Users\\Luis Nunes\\AppData\\Local\\Yarn\\Cache\\v6\\npm-@esbuild-win32-x64-0.18.20-786c5f41f043b07afb1af37683d7c33668858f6d-integrity\\node_modules\\@esbuild\\win32-x64\\esbuild.exe' -> 'C:\\Users\\Luis Nunes\\projects\\jabuti\\node_modules\\@esbuild\\win32-x64\\esbuild.exe'".
info If you think this is a bug, please open a bug report with the information provided in "C:\\Users\\Luis Nunes\\projects\\jabuti\\packages\\core\\yarn-error.log".
info Visit https://yarnpkg.com/en/docs/cli/add for documentation about this command.
